{"C:\\Users\\eganh\\Documents\\java-banque-app\\api-js\\src\\app.js": {"path":"C:\\Users\\eganh\\Documents\\java-banque-app\\api-js\\src\\app.js","statementMap":{"0":{"start":{"line":9,"column":11},"end":{"line":9,"column":21}},"1":{"start":{"line":12,"column":0},"end":{"line":12,"column":null}},"2":{"start":{"line":13,"column":0},"end":{"line":13,"column":null}},"3":{"start":{"line":16,"column":0},"end":{"line":16,"column":null}},"4":{"start":{"line":16,"column":33},"end":{"line":16,"column":59}},"5":{"start":{"line":18,"column":0},"end":{"line":18,"column":null}},"6":{"start":{"line":19,"column":0},"end":{"line":19,"column":27}},"7":{"start":{"line":23,"column":0},"end":{"line":23,"column":null}}},"fnMap":{"0":{"name":"(anonymous_0)","decl":{"start":{"line":16,"column":19},"end":{"line":16,"column":20}},"loc":{"start":{"line":16,"column":33},"end":{"line":16,"column":59}},"line":16}},"branchMap":{},"s":{"0":1,"1":1,"2":1,"3":1,"4":0,"5":1,"6":1,"7":1},"f":{"0":0},"b":{},"meta":{"lastBranch":0,"lastFunction":1,"lastStatement":8,"seen":{"s:9:11:9:21":0,"s:12:0:12:Infinity":1,"s:13:0:13:Infinity":2,"s:16:0:16:Infinity":3,"f:16:19:16:20":0,"s:16:33:16:59":4,"s:18:0:18:Infinity":5,"s:19:0:19:27":6,"s:23:0:23:Infinity":7},"fnNames":{}}}
,"C:\\Users\\eganh\\Documents\\java-banque-app\\api-js\\src\\controllers\\compte.controller.js": {"path":"C:\\Users\\eganh\\Documents\\java-banque-app\\api-js\\src\\controllers\\compte.controller.js","statementMap":{"0":{"start":{"line":3,"column":29},"end":{"line":11,"column":1}},"1":{"start":{"line":4,"column":4},"end":{"line":10,"column":null}},"2":{"start":{"line":5,"column":23},"end":{"line":5,"column":34}},"3":{"start":{"line":6,"column":24},"end":{"line":6,"column":65}},"4":{"start":{"line":7,"column":8},"end":{"line":7,"column":null}},"5":{"start":{"line":9,"column":8},"end":{"line":9,"column":null}},"6":{"start":{"line":13,"column":28},"end":{"line":23,"column":1}},"7":{"start":{"line":14,"column":4},"end":{"line":22,"column":null}},"8":{"start":{"line":15,"column":23},"end":{"line":15,"column":34}},"9":{"start":{"line":16,"column":31},"end":{"line":16,"column":39}},"10":{"start":{"line":18,"column":23},"end":{"line":18,"column":87}},"11":{"start":{"line":19,"column":8},"end":{"line":19,"column":null}},"12":{"start":{"line":21,"column":8},"end":{"line":21,"column":null}},"13":{"start":{"line":25,"column":25},"end":{"line":35,"column":1}},"14":{"start":{"line":26,"column":4},"end":{"line":34,"column":null}},"15":{"start":{"line":27,"column":23},"end":{"line":27,"column":34}},"16":{"start":{"line":28,"column":25},"end":{"line":28,"column":48}},"17":{"start":{"line":30,"column":23},"end":{"line":30,"column":76}},"18":{"start":{"line":31,"column":8},"end":{"line":31,"column":null}},"19":{"start":{"line":33,"column":8},"end":{"line":33,"column":null}},"20":{"start":{"line":37,"column":29},"end":{"line":47,"column":1}},"21":{"start":{"line":38,"column":4},"end":{"line":46,"column":null}},"22":{"start":{"line":39,"column":23},"end":{"line":39,"column":34}},"23":{"start":{"line":40,"column":25},"end":{"line":40,"column":48}},"24":{"start":{"line":42,"column":27},"end":{"line":42,"column":82}},"25":{"start":{"line":43,"column":8},"end":{"line":43,"column":null}},"26":{"start":{"line":45,"column":8},"end":{"line":45,"column":null}},"27":{"start":{"line":49,"column":21},"end":{"line":60,"column":1}},"28":{"start":{"line":50,"column":4},"end":{"line":59,"column":null}},"29":{"start":{"line":51,"column":23},"end":{"line":51,"column":34}},"30":{"start":{"line":52,"column":25},"end":{"line":52,"column":48}},"31":{"start":{"line":53,"column":28},"end":{"line":53,"column":36}},"32":{"start":{"line":55,"column":23},"end":{"line":55,"column":84}},"33":{"start":{"line":56,"column":8},"end":{"line":56,"column":null}},"34":{"start":{"line":58,"column":8},"end":{"line":58,"column":null}},"35":{"start":{"line":62,"column":23},"end":{"line":73,"column":1}},"36":{"start":{"line":63,"column":4},"end":{"line":72,"column":null}},"37":{"start":{"line":64,"column":23},"end":{"line":64,"column":34}},"38":{"start":{"line":65,"column":25},"end":{"line":65,"column":48}},"39":{"start":{"line":66,"column":28},"end":{"line":66,"column":36}},"40":{"start":{"line":68,"column":23},"end":{"line":68,"column":83}},"41":{"start":{"line":69,"column":8},"end":{"line":69,"column":null}},"42":{"start":{"line":71,"column":8},"end":{"line":71,"column":null}},"43":{"start":{"line":75,"column":24},"end":{"line":86,"column":1}},"44":{"start":{"line":76,"column":4},"end":{"line":85,"column":null}},"45":{"start":{"line":77,"column":23},"end":{"line":77,"column":34}},"46":{"start":{"line":78,"column":31},"end":{"line":78,"column":54}},"47":{"start":{"line":79,"column":49},"end":{"line":79,"column":57}},"48":{"start":{"line":81,"column":8},"end":{"line":81,"column":null}},"49":{"start":{"line":82,"column":8},"end":{"line":82,"column":null}},"50":{"start":{"line":84,"column":8},"end":{"line":84,"column":null}}},"fnMap":{"0":{"name":"(anonymous_0)","decl":{"start":{"line":3,"column":29},"end":{"line":3,"column":34}},"loc":{"start":{"line":3,"column":55},"end":{"line":11,"column":1}},"line":3},"1":{"name":"(anonymous_1)","decl":{"start":{"line":13,"column":28},"end":{"line":13,"column":33}},"loc":{"start":{"line":13,"column":54},"end":{"line":23,"column":1}},"line":13},"2":{"name":"(anonymous_2)","decl":{"start":{"line":25,"column":25},"end":{"line":25,"column":30}},"loc":{"start":{"line":25,"column":51},"end":{"line":35,"column":1}},"line":25},"3":{"name":"(anonymous_3)","decl":{"start":{"line":37,"column":29},"end":{"line":37,"column":34}},"loc":{"start":{"line":37,"column":55},"end":{"line":47,"column":1}},"line":37},"4":{"name":"(anonymous_4)","decl":{"start":{"line":49,"column":21},"end":{"line":49,"column":26}},"loc":{"start":{"line":49,"column":47},"end":{"line":60,"column":1}},"line":49},"5":{"name":"(anonymous_5)","decl":{"start":{"line":62,"column":23},"end":{"line":62,"column":28}},"loc":{"start":{"line":62,"column":49},"end":{"line":73,"column":1}},"line":62},"6":{"name":"(anonymous_6)","decl":{"start":{"line":75,"column":24},"end":{"line":75,"column":29}},"loc":{"start":{"line":75,"column":50},"end":{"line":86,"column":1}},"line":75}},"branchMap":{"0":{"loc":{"start":{"line":18,"column":63},"end":{"line":18,"column":86}},"type":"binary-expr","locations":[{"start":{"line":18,"column":63},"end":{"line":18,"column":73}},{"start":{"line":18,"column":77},"end":{"line":18,"column":86}}],"line":18}},"s":{"0":1,"1":0,"2":0,"3":0,"4":0,"5":0,"6":1,"7":0,"8":0,"9":0,"10":0,"11":0,"12":0,"13":1,"14":0,"15":0,"16":0,"17":0,"18":0,"19":0,"20":1,"21":0,"22":0,"23":0,"24":0,"25":0,"26":0,"27":1,"28":0,"29":0,"30":0,"31":0,"32":0,"33":0,"34":0,"35":1,"36":0,"37":0,"38":0,"39":0,"40":0,"41":0,"42":0,"43":1,"44":0,"45":0,"46":0,"47":0,"48":0,"49":0,"50":0},"f":{"0":0,"1":0,"2":0,"3":0,"4":0,"5":0,"6":0},"b":{"0":[0,0]},"meta":{"lastBranch":1,"lastFunction":7,"lastStatement":51,"seen":{"s:3:29:11:1":0,"f:3:29:3:34":0,"s:4:4:10:Infinity":1,"s:5:23:5:34":2,"s:6:24:6:65":3,"s:7:8:7:Infinity":4,"s:9:8:9:Infinity":5,"s:13:28:23:1":6,"f:13:28:13:33":1,"s:14:4:22:Infinity":7,"s:15:23:15:34":8,"s:16:31:16:39":9,"s:18:23:18:87":10,"b:18:63:18:73:18:77:18:86":0,"s:19:8:19:Infinity":11,"s:21:8:21:Infinity":12,"s:25:25:35:1":13,"f:25:25:25:30":2,"s:26:4:34:Infinity":14,"s:27:23:27:34":15,"s:28:25:28:48":16,"s:30:23:30:76":17,"s:31:8:31:Infinity":18,"s:33:8:33:Infinity":19,"s:37:29:47:1":20,"f:37:29:37:34":3,"s:38:4:46:Infinity":21,"s:39:23:39:34":22,"s:40:25:40:48":23,"s:42:27:42:82":24,"s:43:8:43:Infinity":25,"s:45:8:45:Infinity":26,"s:49:21:60:1":27,"f:49:21:49:26":4,"s:50:4:59:Infinity":28,"s:51:23:51:34":29,"s:52:25:52:48":30,"s:53:28:53:36":31,"s:55:23:55:84":32,"s:56:8:56:Infinity":33,"s:58:8:58:Infinity":34,"s:62:23:73:1":35,"f:62:23:62:28":5,"s:63:4:72:Infinity":36,"s:64:23:64:34":37,"s:65:25:65:48":38,"s:66:28:66:36":39,"s:68:23:68:83":40,"s:69:8:69:Infinity":41,"s:71:8:71:Infinity":42,"s:75:24:86:1":43,"f:75:24:75:29":6,"s:76:4:85:Infinity":44,"s:77:23:77:34":45,"s:78:31:78:54":46,"s:79:49:79:57":47,"s:81:8:81:Infinity":48,"s:82:8:82:Infinity":49,"s:84:8:84:Infinity":50},"fnNames":{}}}
,"C:\\Users\\eganh\\Documents\\java-banque-app\\api-js\\src\\controllers\\utilisateur.controller.js": {"path":"C:\\Users\\eganh\\Documents\\java-banque-app\\api-js\\src\\controllers\\utilisateur.controller.js","statementMap":{"0":{"start":{"line":4,"column":24},"end":{"line":26,"column":1}},"1":{"start":{"line":5,"column":4},"end":{"line":25,"column":null}},"2":{"start":{"line":6,"column":70},"end":{"line":6,"column":78}},"3":{"start":{"line":9,"column":21},"end":{"line":9,"column":102}},"4":{"start":{"line":12,"column":23},"end":{"line":12,"column":74}},"5":{"start":{"line":14,"column":8},"end":{"line":17,"column":null}},"6":{"start":{"line":16,"column":12},"end":{"line":16,"column":null}},"7":{"start":{"line":19,"column":8},"end":{"line":22,"column":null}},"8":{"start":{"line":24,"column":8},"end":{"line":24,"column":null}},"9":{"start":{"line":28,"column":21},"end":{"line":39,"column":1}},"10":{"start":{"line":29,"column":4},"end":{"line":38,"column":null}},"11":{"start":{"line":30,"column":38},"end":{"line":30,"column":46}},"12":{"start":{"line":32,"column":21},"end":{"line":32,"column":88}},"13":{"start":{"line":33,"column":22},"end":{"line":33,"column":59}},"14":{"start":{"line":35,"column":8},"end":{"line":35,"column":null}},"15":{"start":{"line":37,"column":8},"end":{"line":37,"column":null}}},"fnMap":{"0":{"name":"(anonymous_0)","decl":{"start":{"line":4,"column":24},"end":{"line":4,"column":29}},"loc":{"start":{"line":4,"column":50},"end":{"line":26,"column":1}},"line":4},"1":{"name":"(anonymous_1)","decl":{"start":{"line":28,"column":21},"end":{"line":28,"column":26}},"loc":{"start":{"line":28,"column":47},"end":{"line":39,"column":1}},"line":28}},"branchMap":{"0":{"loc":{"start":{"line":14,"column":8},"end":{"line":17,"column":null}},"type":"if","locations":[{"start":{"line":14,"column":8},"end":{"line":17,"column":null}},{"start":{},"end":{}}],"line":14},"1":{"loc":{"start":{"line":14,"column":12},"end":{"line":14,"column":44}},"type":"binary-expr","locations":[{"start":{"line":14,"column":12},"end":{"line":14,"column":24}},{"start":{"line":14,"column":28},"end":{"line":14,"column":44}}],"line":14}},"s":{"0":1,"1":1,"2":1,"3":1,"4":1,"5":1,"6":1,"7":1,"8":0,"9":1,"10":1,"11":1,"12":1,"13":1,"14":1,"15":0},"f":{"0":1,"1":1},"b":{"0":[1,0],"1":[1,1]},"meta":{"lastBranch":2,"lastFunction":2,"lastStatement":16,"seen":{"s:4:24:26:1":0,"f:4:24:4:29":0,"s:5:4:25:Infinity":1,"s:6:70:6:78":2,"s:9:21:9:102":3,"s:12:23:12:74":4,"b:14:8:17:Infinity:undefined:undefined:undefined:undefined":0,"s:14:8:17:Infinity":5,"b:14:12:14:24:14:28:14:44":1,"s:16:12:16:Infinity":6,"s:19:8:22:Infinity":7,"s:24:8:24:Infinity":8,"s:28:21:39:1":9,"f:28:21:28:26":1,"s:29:4:38:Infinity":10,"s:30:38:30:46":11,"s:32:21:32:88":12,"s:33:22:33:59":13,"s:35:8:35:Infinity":14,"s:37:8:37:Infinity":15},"fnNames":{}}}
,"C:\\Users\\eganh\\Documents\\java-banque-app\\api-js\\src\\errors\\MetierException.js": {"path":"C:\\Users\\eganh\\Documents\\java-banque-app\\api-js\\src\\errors\\MetierException.js","statementMap":{"0":{"start":{"line":3,"column":8},"end":{"line":3,"column":null}},"1":{"start":{"line":4,"column":8},"end":{"line":4,"column":null}},"2":{"start":{"line":5,"column":8},"end":{"line":5,"column":null}}},"fnMap":{"0":{"name":"constructor","decl":{"start":{"line":2,"column":4},"end":{"line":2,"column":15}},"loc":{"start":{"line":2,"column":43},"end":{"line":6,"column":null}},"line":2}},"branchMap":{"0":{"loc":{"start":{"line":2,"column":25},"end":{"line":2,"column":41}},"type":"default-arg","locations":[{"start":{"line":2,"column":38},"end":{"line":2,"column":41}}],"line":2}},"s":{"0":4,"1":4,"2":4},"f":{"0":4},"b":{"0":[4]},"meta":{"lastBranch":1,"lastFunction":1,"lastStatement":3,"seen":{"f:2:4:2:15":0,"b:2:38:2:41":0,"s:3:8:3:Infinity":0,"s:4:8:4:Infinity":1,"s:5:8:5:Infinity":2},"fnNames":{}}}
,"C:\\Users\\eganh\\Documents\\java-banque-app\\api-js\\src\\middleware\\auth.middleware.js": {"path":"C:\\Users\\eganh\\Documents\\java-banque-app\\api-js\\src\\middleware\\auth.middleware.js","statementMap":{"0":{"start":{"line":4,"column":30},"end":{"line":26,"column":1}},"1":{"start":{"line":5,"column":4},"end":{"line":25,"column":null}},"2":{"start":{"line":6,"column":27},"end":{"line":6,"column":52}},"3":{"start":{"line":7,"column":8},"end":{"line":9,"column":null}},"4":{"start":{"line":8,"column":12},"end":{"line":8,"column":null}},"5":{"start":{"line":11,"column":22},"end":{"line":11,"column":46}},"6":{"start":{"line":12,"column":23},"end":{"line":12,"column":45}},"7":{"start":{"line":14,"column":8},"end":{"line":16,"column":null}},"8":{"start":{"line":15,"column":12},"end":{"line":15,"column":null}},"9":{"start":{"line":18,"column":24},"end":{"line":18,"column":49}},"10":{"start":{"line":21,"column":8},"end":{"line":21,"column":null}},"11":{"start":{"line":22,"column":8},"end":{"line":22,"column":null}},"12":{"start":{"line":24,"column":8},"end":{"line":24,"column":null}}},"fnMap":{"0":{"name":"(anonymous_0)","decl":{"start":{"line":4,"column":30},"end":{"line":4,"column":31}},"loc":{"start":{"line":4,"column":50},"end":{"line":26,"column":1}},"line":4}},"branchMap":{"0":{"loc":{"start":{"line":7,"column":8},"end":{"line":9,"column":null}},"type":"if","locations":[{"start":{"line":7,"column":8},"end":{"line":9,"column":null}},{"start":{},"end":{}}],"line":7},"1":{"loc":{"start":{"line":7,"column":12},"end":{"line":7,"column":60}},"type":"binary-expr","locations":[{"start":{"line":7,"column":12},"end":{"line":7,"column":23}},{"start":{"line":7,"column":27},"end":{"line":7,"column":60}}],"line":7},"2":{"loc":{"start":{"line":14,"column":8},"end":{"line":16,"column":null}},"type":"if","locations":[{"start":{"line":14,"column":8},"end":{"line":16,"column":null}},{"start":{},"end":{}}],"line":14}},"s":{"0":1,"1":0,"2":0,"3":0,"4":0,"5":0,"6":0,"7":0,"8":0,"9":0,"10":0,"11":0,"12":0},"f":{"0":0},"b":{"0":[0,0],"1":[0,0],"2":[0,0]},"meta":{"lastBranch":3,"lastFunction":1,"lastStatement":13,"seen":{"s:4:30:26:1":0,"f:4:30:4:31":0,"s:5:4:25:Infinity":1,"s:6:27:6:52":2,"b:7:8:9:Infinity:undefined:undefined:undefined:undefined":0,"s:7:8:9:Infinity":3,"b:7:12:7:23:7:27:7:60":1,"s:8:12:8:Infinity":4,"s:11:22:11:46":5,"s:12:23:12:45":6,"b:14:8:16:Infinity:undefined:undefined:undefined:undefined":2,"s:14:8:16:Infinity":7,"s:15:12:15:Infinity":8,"s:18:24:18:49":9,"s:21:8:21:Infinity":10,"s:22:8:22:Infinity":11,"s:24:8:24:Infinity":12},"fnNames":{}}}
,"C:\\Users\\eganh\\Documents\\java-banque-app\\api-js\\src\\middleware\\error.middleware.js": {"path":"C:\\Users\\eganh\\Documents\\java-banque-app\\api-js\\src\\middleware\\error.middleware.js","statementMap":{"0":{"start":{"line":1,"column":28},"end":{"line":13,"column":1}},"1":{"start":{"line":2,"column":4},"end":{"line":2,"column":null}},"2":{"start":{"line":4,"column":4},"end":{"line":6,"column":null}},"3":{"start":{"line":5,"column":8},"end":{"line":5,"column":null}},"4":{"start":{"line":8,"column":4},"end":{"line":10,"column":null}},"5":{"start":{"line":9,"column":8},"end":{"line":9,"column":null}},"6":{"start":{"line":12,"column":4},"end":{"line":12,"column":null}}},"fnMap":{"0":{"name":"(anonymous_0)","decl":{"start":{"line":1,"column":28},"end":{"line":1,"column":29}},"loc":{"start":{"line":1,"column":53},"end":{"line":13,"column":1}},"line":1}},"branchMap":{"0":{"loc":{"start":{"line":4,"column":4},"end":{"line":6,"column":null}},"type":"if","locations":[{"start":{"line":4,"column":4},"end":{"line":6,"column":null}},{"start":{},"end":{}}],"line":4},"1":{"loc":{"start":{"line":5,"column":26},"end":{"line":5,"column":47}},"type":"binary-expr","locations":[{"start":{"line":5,"column":26},"end":{"line":5,"column":40}},{"start":{"line":5,"column":44},"end":{"line":5,"column":47}}],"line":5},"2":{"loc":{"start":{"line":8,"column":4},"end":{"line":10,"column":null}},"type":"if","locations":[{"start":{"line":8,"column":4},"end":{"line":10,"column":null}},{"start":{},"end":{}}],"line":8},"3":{"loc":{"start":{"line":8,"column":8},"end":{"line":8,"column":76}},"type":"binary-expr","locations":[{"start":{"line":8,"column":8},"end":{"line":8,"column":40}},{"start":{"line":8,"column":44},"end":{"line":8,"column":76}}],"line":8}},"s":{"0":1,"1":0,"2":0,"3":0,"4":0,"5":0,"6":0},"f":{"0":0},"b":{"0":[0,0],"1":[0,0],"2":[0,0],"3":[0,0]},"meta":{"lastBranch":4,"lastFunction":1,"lastStatement":7,"seen":{"s:1:28:13:1":0,"f:1:28:1:29":0,"s:2:4:2:Infinity":1,"b:4:4:6:Infinity:undefined:undefined:undefined:undefined":0,"s:4:4:6:Infinity":2,"s:5:8:5:Infinity":3,"b:5:26:5:40:5:44:5:47":1,"b:8:4:10:Infinity:undefined:undefined:undefined:undefined":2,"s:8:4:10:Infinity":4,"b:8:8:8:40:8:44:8:76":3,"s:9:8:9:Infinity":5,"s:12:4:12:Infinity":6},"fnNames":{}}}
,"C:\\Users\\eganh\\Documents\\java-banque-app\\api-js\\src\\repositories\\compte.repository.js": {"path":"C:\\Users\\eganh\\Documents\\java-banque-app\\api-js\\src\\repositories\\compte.repository.js","statementMap":{"0":{"start":{"line":5,"column":32},"end":{"line":13,"column":21}},"1":{"start":{"line":15,"column":8},"end":{"line":15,"column":null}},"2":{"start":{"line":15,"column":19},"end":{"line":15,"column":null}},"3":{"start":{"line":16,"column":8},"end":{"line":16,"column":null}},"4":{"start":{"line":20,"column":32},"end":{"line":24,"column":26}},"5":{"start":{"line":26,"column":8},"end":{"line":26,"column":null}},"6":{"start":{"line":26,"column":19},"end":{"line":26,"column":null}},"7":{"start":{"line":27,"column":8},"end":{"line":27,"column":null}},"8":{"start":{"line":31,"column":32},"end":{"line":34,"column":48}},"9":{"start":{"line":36,"column":8},"end":{"line":36,"column":null}},"10":{"start":{"line":36,"column":19},"end":{"line":36,"column":null}},"11":{"start":{"line":37,"column":8},"end":{"line":37,"column":null}},"12":{"start":{"line":41,"column":32},"end":{"line":46,"column":21}},"13":{"start":{"line":48,"column":8},"end":{"line":48,"column":null}},"14":{"start":{"line":48,"column":19},"end":{"line":48,"column":null}},"15":{"start":{"line":49,"column":8},"end":{"line":49,"column":null}}},"fnMap":{"0":{"name":"sauvegarder","decl":{"start":{"line":4,"column":10},"end":{"line":4,"column":21}},"loc":{"start":{"line":4,"column":30},"end":{"line":17,"column":null}},"line":4},"1":{"name":"trouverParId","decl":{"start":{"line":19,"column":10},"end":{"line":19,"column":22}},"loc":{"start":{"line":19,"column":27},"end":{"line":28,"column":null}},"line":19},"2":{"name":"trouverParUtilisateurId","decl":{"start":{"line":30,"column":10},"end":{"line":30,"column":33}},"loc":{"start":{"line":30,"column":49},"end":{"line":38,"column":null}},"line":30},"3":{"name":"mettreAJourSolde","decl":{"start":{"line":40,"column":10},"end":{"line":40,"column":26}},"loc":{"start":{"line":40,"column":45},"end":{"line":50,"column":null}},"line":40}},"branchMap":{"0":{"loc":{"start":{"line":10,"column":23},"end":{"line":10,"column":null}},"type":"binary-expr","locations":[{"start":{"line":10,"column":23},"end":{"line":10,"column":35}},{"start":{"line":10,"column":39},"end":{"line":10,"column":null}}],"line":10},"1":{"loc":{"start":{"line":15,"column":8},"end":{"line":15,"column":null}},"type":"if","locations":[{"start":{"line":15,"column":8},"end":{"line":15,"column":null}},{"start":{},"end":{}}],"line":15},"2":{"loc":{"start":{"line":26,"column":8},"end":{"line":26,"column":null}},"type":"if","locations":[{"start":{"line":26,"column":8},"end":{"line":26,"column":null}},{"start":{},"end":{}}],"line":26},"3":{"loc":{"start":{"line":36,"column":8},"end":{"line":36,"column":null}},"type":"if","locations":[{"start":{"line":36,"column":8},"end":{"line":36,"column":null}},{"start":{},"end":{}}],"line":36},"4":{"loc":{"start":{"line":48,"column":8},"end":{"line":48,"column":null}},"type":"if","locations":[{"start":{"line":48,"column":8},"end":{"line":48,"column":null}},{"start":{},"end":{}}],"line":48}},"s":{"0":0,"1":0,"2":0,"3":0,"4":0,"5":0,"6":0,"7":0,"8":0,"9":0,"10":0,"11":0,"12":0,"13":0,"14":0,"15":0},"f":{"0":0,"1":0,"2":0,"3":0},"b":{"0":[0,0],"1":[0,0],"2":[0,0],"3":[0,0],"4":[0,0]},"meta":{"lastBranch":5,"lastFunction":4,"lastStatement":16,"seen":{"f:4:10:4:21":0,"s:5:32:13:21":0,"b:10:23:10:35:10:39:10:Infinity":0,"b:15:8:15:Infinity:undefined:undefined:undefined:undefined":1,"s:15:8:15:Infinity":1,"s:15:19:15:Infinity":2,"s:16:8:16:Infinity":3,"f:19:10:19:22":1,"s:20:32:24:26":4,"b:26:8:26:Infinity:undefined:undefined:undefined:undefined":2,"s:26:8:26:Infinity":5,"s:26:19:26:Infinity":6,"s:27:8:27:Infinity":7,"f:30:10:30:33":2,"s:31:32:34:48":8,"b:36:8:36:Infinity:undefined:undefined:undefined:undefined":3,"s:36:8:36:Infinity":9,"s:36:19:36:Infinity":10,"s:37:8:37:Infinity":11,"f:40:10:40:26":3,"s:41:32:46:21":12,"b:48:8:48:Infinity:undefined:undefined:undefined:undefined":4,"s:48:8:48:Infinity":13,"s:48:19:48:Infinity":14,"s:49:8:49:Infinity":15},"fnNames":{}}}
,"C:\\Users\\eganh\\Documents\\java-banque-app\\api-js\\src\\repositories\\historique.repository.js": {"path":"C:\\Users\\eganh\\Documents\\java-banque-app\\api-js\\src\\repositories\\historique.repository.js","statementMap":{"0":{"start":{"line":5,"column":32},"end":{"line":14,"column":21}},"1":{"start":{"line":16,"column":8},"end":{"line":16,"column":null}},"2":{"start":{"line":16,"column":19},"end":{"line":16,"column":null}},"3":{"start":{"line":17,"column":8},"end":{"line":17,"column":null}},"4":{"start":{"line":21,"column":32},"end":{"line":25,"column":48}},"5":{"start":{"line":27,"column":8},"end":{"line":27,"column":null}},"6":{"start":{"line":27,"column":19},"end":{"line":27,"column":null}},"7":{"start":{"line":28,"column":8},"end":{"line":28,"column":null}}},"fnMap":{"0":{"name":"sauvegarder","decl":{"start":{"line":4,"column":10},"end":{"line":4,"column":21}},"loc":{"start":{"line":4,"column":34},"end":{"line":18,"column":null}},"line":4},"1":{"name":"trouverParCompteId","decl":{"start":{"line":20,"column":10},"end":{"line":20,"column":28}},"loc":{"start":{"line":20,"column":39},"end":{"line":29,"column":null}},"line":20}},"branchMap":{"0":{"loc":{"start":{"line":11,"column":33},"end":{"line":11,"column":null}},"type":"binary-expr","locations":[{"start":{"line":11,"column":33},"end":{"line":11,"column":59}},{"start":{"line":11,"column":63},"end":{"line":11,"column":null}}],"line":11},"1":{"loc":{"start":{"line":16,"column":8},"end":{"line":16,"column":null}},"type":"if","locations":[{"start":{"line":16,"column":8},"end":{"line":16,"column":null}},{"start":{},"end":{}}],"line":16},"2":{"loc":{"start":{"line":27,"column":8},"end":{"line":27,"column":null}},"type":"if","locations":[{"start":{"line":27,"column":8},"end":{"line":27,"column":null}},{"start":{},"end":{}}],"line":27}},"s":{"0":0,"1":0,"2":0,"3":0,"4":0,"5":0,"6":0,"7":0},"f":{"0":0,"1":0},"b":{"0":[0,0],"1":[0,0],"2":[0,0]},"meta":{"lastBranch":3,"lastFunction":2,"lastStatement":8,"seen":{"f:4:10:4:21":0,"s:5:32:14:21":0,"b:11:33:11:59:11:63:11:Infinity":0,"b:16:8:16:Infinity:undefined:undefined:undefined:undefined":1,"s:16:8:16:Infinity":1,"s:16:19:16:Infinity":2,"s:17:8:17:Infinity":3,"f:20:10:20:28":1,"s:21:32:25:48":4,"b:27:8:27:Infinity:undefined:undefined:undefined:undefined":2,"s:27:8:27:Infinity":5,"s:27:19:27:Infinity":6,"s:28:8:28:Infinity":7},"fnNames":{}}}
,"C:\\Users\\eganh\\Documents\\java-banque-app\\api-js\\src\\repositories\\utilisateur.repository.js": {"path":"C:\\Users\\eganh\\Documents\\java-banque-app\\api-js\\src\\repositories\\utilisateur.repository.js","statementMap":{"0":{"start":{"line":6,"column":32},"end":{"line":10,"column":26}},"1":{"start":{"line":12,"column":8},"end":{"line":14,"column":null}},"2":{"start":{"line":13,"column":12},"end":{"line":13,"column":null}},"3":{"start":{"line":15,"column":8},"end":{"line":15,"column":null}},"4":{"start":{"line":19,"column":32},"end":{"line":23,"column":26}},"5":{"start":{"line":25,"column":8},"end":{"line":27,"column":null}},"6":{"start":{"line":26,"column":12},"end":{"line":26,"column":null}},"7":{"start":{"line":28,"column":8},"end":{"line":28,"column":null}},"8":{"start":{"line":32,"column":32},"end":{"line":42,"column":21}},"9":{"start":{"line":44,"column":8},"end":{"line":46,"column":null}},"10":{"start":{"line":45,"column":12},"end":{"line":45,"column":null}},"11":{"start":{"line":47,"column":8},"end":{"line":47,"column":null}}},"fnMap":{"0":{"name":"trouverParEmail","decl":{"start":{"line":5,"column":10},"end":{"line":5,"column":25}},"loc":{"start":{"line":5,"column":33},"end":{"line":16,"column":null}},"line":5},"1":{"name":"trouverParId","decl":{"start":{"line":18,"column":10},"end":{"line":18,"column":22}},"loc":{"start":{"line":18,"column":27},"end":{"line":29,"column":null}},"line":18},"2":{"name":"sauvegarder","decl":{"start":{"line":31,"column":10},"end":{"line":31,"column":21}},"loc":{"start":{"line":31,"column":35},"end":{"line":48,"column":null}},"line":31}},"branchMap":{"0":{"loc":{"start":{"line":12,"column":8},"end":{"line":14,"column":null}},"type":"if","locations":[{"start":{"line":12,"column":8},"end":{"line":14,"column":null}},{"start":{},"end":{}}],"line":12},"1":{"loc":{"start":{"line":25,"column":8},"end":{"line":27,"column":null}},"type":"if","locations":[{"start":{"line":25,"column":8},"end":{"line":27,"column":null}},{"start":{},"end":{}}],"line":25},"2":{"loc":{"start":{"line":44,"column":8},"end":{"line":46,"column":null}},"type":"if","locations":[{"start":{"line":44,"column":8},"end":{"line":46,"column":null}},{"start":{},"end":{}}],"line":44}},"s":{"0":0,"1":0,"2":0,"3":0,"4":0,"5":0,"6":0,"7":0,"8":0,"9":0,"10":0,"11":0},"f":{"0":0,"1":0,"2":0},"b":{"0":[0,0],"1":[0,0],"2":[0,0]},"meta":{"lastBranch":3,"lastFunction":3,"lastStatement":12,"seen":{"f:5:10:5:25":0,"s:6:32:10:26":0,"b:12:8:14:Infinity:undefined:undefined:undefined:undefined":0,"s:12:8:14:Infinity":1,"s:13:12:13:Infinity":2,"s:15:8:15:Infinity":3,"f:18:10:18:22":1,"s:19:32:23:26":4,"b:25:8:27:Infinity:undefined:undefined:undefined:undefined":1,"s:25:8:27:Infinity":5,"s:26:12:26:Infinity":6,"s:28:8:28:Infinity":7,"f:31:10:31:21":2,"s:32:32:42:21":8,"b:44:8:46:Infinity:undefined:undefined:undefined:undefined":2,"s:44:8:46:Infinity":9,"s:45:12:45:Infinity":10,"s:47:8:47:Infinity":11},"fnNames":{}}}
,"C:\\Users\\eganh\\Documents\\java-banque-app\\api-js\\src\\routes\\compte.routes.js": {"path":"C:\\Users\\eganh\\Documents\\java-banque-app\\api-js\\src\\routes\\compte.routes.js","statementMap":{"0":{"start":{"line":13,"column":14},"end":{"line":13,"column":23}},"1":{"start":{"line":16,"column":0},"end":{"line":16,"column":null}},"2":{"start":{"line":18,"column":0},"end":{"line":18,"column":null}},"3":{"start":{"line":19,"column":0},"end":{"line":19,"column":null}},"4":{"start":{"line":20,"column":0},"end":{"line":20,"column":null}},"5":{"start":{"line":21,"column":0},"end":{"line":21,"column":null}},"6":{"start":{"line":22,"column":0},"end":{"line":22,"column":null}},"7":{"start":{"line":23,"column":0},"end":{"line":23,"column":null}},"8":{"start":{"line":24,"column":0},"end":{"line":24,"column":null}}},"fnMap":{},"branchMap":{},"s":{"0":1,"1":1,"2":1,"3":1,"4":1,"5":1,"6":1,"7":1,"8":1},"f":{},"b":{},"meta":{"lastBranch":0,"lastFunction":0,"lastStatement":9,"seen":{"s:13:14:13:23":0,"s:16:0:16:Infinity":1,"s:18:0:18:Infinity":2,"s:19:0:19:Infinity":3,"s:20:0:20:Infinity":4,"s:21:0:21:Infinity":5,"s:22:0:22:Infinity":6,"s:23:0:23:Infinity":7,"s:24:0:24:Infinity":8},"fnNames":{}}}
,"C:\\Users\\eganh\\Documents\\java-banque-app\\api-js\\src\\routes\\utilisateur.routes.js": {"path":"C:\\Users\\eganh\\Documents\\java-banque-app\\api-js\\src\\routes\\utilisateur.routes.js","statementMap":{"0":{"start":{"line":4,"column":14},"end":{"line":4,"column":23}},"1":{"start":{"line":6,"column":0},"end":{"line":6,"column":null}},"2":{"start":{"line":7,"column":0},"end":{"line":7,"column":null}}},"fnMap":{},"branchMap":{},"s":{"0":1,"1":1,"2":1},"f":{},"b":{},"meta":{"lastBranch":0,"lastFunction":0,"lastStatement":3,"seen":{"s:4:14:4:23":0,"s:6:0:6:Infinity":1,"s:7:0:7:Infinity":2},"fnNames":{}}}
,"C:\\Users\\eganh\\Documents\\java-banque-app\\api-js\\src\\services\\compte.service.js": {"path":"C:\\Users\\eganh\\Documents\\java-banque-app\\api-js\\src\\services\\compte.service.js","statementMap":{"0":{"start":{"line":7,"column":8},"end":{"line":11,"column":null}},"1":{"start":{"line":15,"column":8},"end":{"line":15,"column":null}},"2":{"start":{"line":19,"column":23},"end":{"line":19,"column":62}},"3":{"start":{"line":20,"column":8},"end":{"line":22,"column":null}},"4":{"start":{"line":21,"column":12},"end":{"line":21,"column":null}},"5":{"start":{"line":23,"column":8},"end":{"line":25,"column":null}},"6":{"start":{"line":24,"column":12},"end":{"line":24,"column":null}},"7":{"start":{"line":26,"column":8},"end":{"line":26,"column":null}},"8":{"start":{"line":30,"column":8},"end":{"line":32,"column":null}},"9":{"start":{"line":31,"column":12},"end":{"line":31,"column":null}},"10":{"start":{"line":34,"column":23},"end":{"line":34,"column":68}},"11":{"start":{"line":35,"column":29},"end":{"line":35,"column":75}},"12":{"start":{"line":37,"column":26},"end":{"line":37,"column":83}},"13":{"start":{"line":39,"column":8},"end":{"line":43,"column":null}},"14":{"start":{"line":45,"column":8},"end":{"line":45,"column":null}},"15":{"start":{"line":49,"column":8},"end":{"line":51,"column":null}},"16":{"start":{"line":50,"column":12},"end":{"line":50,"column":null}},"17":{"start":{"line":53,"column":23},"end":{"line":53,"column":68}},"18":{"start":{"line":54,"column":8},"end":{"line":56,"column":null}},"19":{"start":{"line":55,"column":12},"end":{"line":55,"column":null}},"20":{"start":{"line":58,"column":29},"end":{"line":58,"column":75}},"21":{"start":{"line":59,"column":26},"end":{"line":59,"column":83}},"22":{"start":{"line":61,"column":8},"end":{"line":65,"column":null}},"23":{"start":{"line":67,"column":8},"end":{"line":67,"column":null}},"24":{"start":{"line":71,"column":8},"end":{"line":73,"column":null}},"25":{"start":{"line":72,"column":12},"end":{"line":72,"column":null}},"26":{"start":{"line":74,"column":8},"end":{"line":76,"column":null}},"27":{"start":{"line":75,"column":12},"end":{"line":75,"column":null}},"28":{"start":{"line":79,"column":29},"end":{"line":79,"column":80}},"29":{"start":{"line":81,"column":8},"end":{"line":83,"column":null}},"30":{"start":{"line":82,"column":12},"end":{"line":82,"column":null}},"31":{"start":{"line":86,"column":34},"end":{"line":86,"column":84}},"32":{"start":{"line":87,"column":8},"end":{"line":89,"column":null}},"33":{"start":{"line":88,"column":12},"end":{"line":88,"column":null}},"34":{"start":{"line":92,"column":35},"end":{"line":92,"column":87}},"35":{"start":{"line":93,"column":33},"end":{"line":93,"column":90}},"36":{"start":{"line":95,"column":8},"end":{"line":95,"column":null}},"37":{"start":{"line":96,"column":8},"end":{"line":96,"column":null}},"38":{"start":{"line":98,"column":8},"end":{"line":103,"column":null}},"39":{"start":{"line":105,"column":8},"end":{"line":110,"column":null}},"40":{"start":{"line":115,"column":8},"end":{"line":115,"column":null}},"41":{"start":{"line":116,"column":8},"end":{"line":116,"column":null}}},"fnMap":{"0":{"name":"creerCompte","decl":{"start":{"line":6,"column":10},"end":{"line":6,"column":21}},"loc":{"start":{"line":6,"column":49},"end":{"line":12,"column":null}},"line":6},"1":{"name":"listerComptes","decl":{"start":{"line":14,"column":10},"end":{"line":14,"column":23}},"loc":{"start":{"line":14,"column":39},"end":{"line":16,"column":null}},"line":14},"2":{"name":"consulterCompte","decl":{"start":{"line":18,"column":10},"end":{"line":18,"column":25}},"loc":{"start":{"line":18,"column":45},"end":{"line":27,"column":null}},"line":18},"3":{"name":"crediterCompte","decl":{"start":{"line":29,"column":10},"end":{"line":29,"column":24}},"loc":{"start":{"line":29,"column":53},"end":{"line":46,"column":null}},"line":29},"4":{"name":"debiterCompte","decl":{"start":{"line":48,"column":10},"end":{"line":48,"column":23}},"loc":{"start":{"line":48,"column":52},"end":{"line":68,"column":null}},"line":48},"5":{"name":"virer","decl":{"start":{"line":70,"column":10},"end":{"line":70,"column":15}},"loc":{"start":{"line":70,"column":65},"end":{"line":111,"column":null}},"line":70},"6":{"name":"obtenirHistorique","decl":{"start":{"line":113,"column":10},"end":{"line":113,"column":27}},"loc":{"start":{"line":113,"column":47},"end":{"line":117,"column":null}},"line":113}},"branchMap":{"0":{"loc":{"start":{"line":20,"column":8},"end":{"line":22,"column":null}},"type":"if","locations":[{"start":{"line":20,"column":8},"end":{"line":22,"column":null}},{"start":{},"end":{}}],"line":20},"1":{"loc":{"start":{"line":23,"column":8},"end":{"line":25,"column":null}},"type":"if","locations":[{"start":{"line":23,"column":8},"end":{"line":25,"column":null}},{"start":{},"end":{}}],"line":23},"2":{"loc":{"start":{"line":30,"column":8},"end":{"line":32,"column":null}},"type":"if","locations":[{"start":{"line":30,"column":8},"end":{"line":32,"column":null}},{"start":{},"end":{}}],"line":30},"3":{"loc":{"start":{"line":49,"column":8},"end":{"line":51,"column":null}},"type":"if","locations":[{"start":{"line":49,"column":8},"end":{"line":51,"column":null}},{"start":{},"end":{}}],"line":49},"4":{"loc":{"start":{"line":54,"column":8},"end":{"line":56,"column":null}},"type":"if","locations":[{"start":{"line":54,"column":8},"end":{"line":56,"column":null}},{"start":{},"end":{}}],"line":54},"5":{"loc":{"start":{"line":71,"column":8},"end":{"line":73,"column":null}},"type":"if","locations":[{"start":{"line":71,"column":8},"end":{"line":73,"column":null}},{"start":{},"end":{}}],"line":71},"6":{"loc":{"start":{"line":74,"column":8},"end":{"line":76,"column":null}},"type":"if","locations":[{"start":{"line":74,"column":8},"end":{"line":76,"column":null}},{"start":{},"end":{}}],"line":74},"7":{"loc":{"start":{"line":81,"column":8},"end":{"line":83,"column":null}},"type":"if","locations":[{"start":{"line":81,"column":8},"end":{"line":83,"column":null}},{"start":{},"end":{}}],"line":81},"8":{"loc":{"start":{"line":87,"column":8},"end":{"line":89,"column":null}},"type":"if","locations":[{"start":{"line":87,"column":8},"end":{"line":89,"column":null}},{"start":{},"end":{}}],"line":87}},"s":{"0":0,"1":0,"2":0,"3":0,"4":0,"5":0,"6":0,"7":0,"8":0,"9":0,"10":0,"11":0,"12":0,"13":0,"14":0,"15":0,"16":0,"17":0,"18":0,"19":0,"20":0,"21":0,"22":0,"23":0,"24":0,"25":0,"26":0,"27":0,"28":0,"29":0,"30":0,"31":0,"32":0,"33":0,"34":0,"35":0,"36":0,"37":0,"38":0,"39":0,"40":0,"41":0},"f":{"0":0,"1":0,"2":0,"3":0,"4":0,"5":0,"6":0},"b":{"0":[0,0],"1":[0,0],"2":[0,0],"3":[0,0],"4":[0,0],"5":[0,0],"6":[0,0],"7":[0,0],"8":[0,0]},"meta":{"lastBranch":9,"lastFunction":7,"lastStatement":42,"seen":{"f:6:10:6:21":0,"s:7:8:11:Infinity":0,"f:14:10:14:23":1,"s:15:8:15:Infinity":1,"f:18:10:18:25":2,"s:19:23:19:62":2,"b:20:8:22:Infinity:undefined:undefined:undefined:undefined":0,"s:20:8:22:Infinity":3,"s:21:12:21:Infinity":4,"b:23:8:25:Infinity:undefined:undefined:undefined:undefined":1,"s:23:8:25:Infinity":5,"s:24:12:24:Infinity":6,"s:26:8:26:Infinity":7,"f:29:10:29:24":3,"b:30:8:32:Infinity:undefined:undefined:undefined:undefined":2,"s:30:8:32:Infinity":8,"s:31:12:31:Infinity":9,"s:34:23:34:68":10,"s:35:29:35:75":11,"s:37:26:37:83":12,"s:39:8:43:Infinity":13,"s:45:8:45:Infinity":14,"f:48:10:48:23":4,"b:49:8:51:Infinity:undefined:undefined:undefined:undefined":3,"s:49:8:51:Infinity":15,"s:50:12:50:Infinity":16,"s:53:23:53:68":17,"b:54:8:56:Infinity:undefined:undefined:undefined:undefined":4,"s:54:8:56:Infinity":18,"s:55:12:55:Infinity":19,"s:58:29:58:75":20,"s:59:26:59:83":21,"s:61:8:65:Infinity":22,"s:67:8:67:Infinity":23,"f:70:10:70:15":5,"b:71:8:73:Infinity:undefined:undefined:undefined:undefined":5,"s:71:8:73:Infinity":24,"s:72:12:72:Infinity":25,"b:74:8:76:Infinity:undefined:undefined:undefined:undefined":6,"s:74:8:76:Infinity":26,"s:75:12:75:Infinity":27,"s:79:29:79:80":28,"b:81:8:83:Infinity:undefined:undefined:undefined:undefined":7,"s:81:8:83:Infinity":29,"s:82:12:82:Infinity":30,"s:86:34:86:84":31,"b:87:8:89:Infinity:undefined:undefined:undefined:undefined":8,"s:87:8:89:Infinity":32,"s:88:12:88:Infinity":33,"s:92:35:92:87":34,"s:93:33:93:90":35,"s:95:8:95:Infinity":36,"s:96:8:96:Infinity":37,"s:98:8:103:Infinity":38,"s:105:8:110:Infinity":39,"f:113:10:113:27":6,"s:115:8:115:Infinity":40,"s:116:8:116:Infinity":41},"fnNames":{}}}
,"C:\\Users\\eganh\\Documents\\java-banque-app\\api-js\\src\\services\\utilisateur.service.js": {"path":"C:\\Users\\eganh\\Documents\\java-banque-app\\api-js\\src\\services\\utilisateur.service.js","statementMap":{"0":{"start":{"line":9,"column":8},"end":{"line":11,"column":null}},"1":{"start":{"line":10,"column":12},"end":{"line":10,"column":null}},"2":{"start":{"line":14,"column":25},"end":{"line":14,"column":75}},"3":{"start":{"line":15,"column":8},"end":{"line":17,"column":null}},"4":{"start":{"line":16,"column":12},"end":{"line":16,"column":null}},"5":{"start":{"line":20,"column":21},"end":{"line":20,"column":45}},"6":{"start":{"line":21,"column":24},"end":{"line":21,"column":59}},"7":{"start":{"line":24,"column":8},"end":{"line":30,"column":null}},"8":{"start":{"line":34,"column":21},"end":{"line":34,"column":71}},"9":{"start":{"line":35,"column":8},"end":{"line":37,"column":null}},"10":{"start":{"line":36,"column":12},"end":{"line":36,"column":null}},"11":{"start":{"line":39,"column":24},"end":{"line":39,"column":75}},"12":{"start":{"line":40,"column":8},"end":{"line":42,"column":null}},"13":{"start":{"line":41,"column":12},"end":{"line":41,"column":null}},"14":{"start":{"line":44,"column":8},"end":{"line":44,"column":null}},"15":{"start":{"line":48,"column":23},"end":{"line":48,"column":45}},"16":{"start":{"line":49,"column":8},"end":{"line":49,"column":null}},"17":{"start":{"line":49,"column":21},"end":{"line":49,"column":null}},"18":{"start":{"line":51,"column":8},"end":{"line":55,"column":null}}},"fnMap":{"0":{"name":"inscrireUtilisateur","decl":{"start":{"line":7,"column":10},"end":{"line":7,"column":29}},"loc":{"start":{"line":7,"column":67},"end":{"line":31,"column":null}},"line":7},"1":{"name":"authentifierUtilisateur","decl":{"start":{"line":33,"column":10},"end":{"line":33,"column":33}},"loc":{"start":{"line":33,"column":53},"end":{"line":45,"column":null}},"line":33},"2":{"name":"genererToken","decl":{"start":{"line":47,"column":4},"end":{"line":47,"column":16}},"loc":{"start":{"line":47,"column":30},"end":{"line":56,"column":null}},"line":47}},"branchMap":{"0":{"loc":{"start":{"line":9,"column":8},"end":{"line":11,"column":null}},"type":"if","locations":[{"start":{"line":9,"column":8},"end":{"line":11,"column":null}},{"start":{},"end":{}}],"line":9},"1":{"loc":{"start":{"line":9,"column":12},"end":{"line":9,"column":85}},"type":"binary-expr","locations":[{"start":{"line":9,"column":12},"end":{"line":9,"column":18}},{"start":{"line":9,"column":22},"end":{"line":9,"column":85}}],"line":9},"2":{"loc":{"start":{"line":15,"column":8},"end":{"line":17,"column":null}},"type":"if","locations":[{"start":{"line":15,"column":8},"end":{"line":17,"column":null}},{"start":{},"end":{}}],"line":15},"3":{"loc":{"start":{"line":35,"column":8},"end":{"line":37,"column":null}},"type":"if","locations":[{"start":{"line":35,"column":8},"end":{"line":37,"column":null}},{"start":{},"end":{}}],"line":35},"4":{"loc":{"start":{"line":40,"column":8},"end":{"line":42,"column":null}},"type":"if","locations":[{"start":{"line":40,"column":8},"end":{"line":42,"column":null}},{"start":{},"end":{}}],"line":40},"5":{"loc":{"start":{"line":49,"column":8},"end":{"line":49,"column":null}},"type":"if","locations":[{"start":{"line":49,"column":8},"end":{"line":49,"column":null}},{"start":{},"end":{}}],"line":49}},"s":{"0":3,"1":1,"2":2,"3":2,"4":1,"5":1,"6":1,"7":1,"8":3,"9":3,"10":1,"11":2,"12":2,"13":1,"14":1,"15":0,"16":0,"17":0,"18":0},"f":{"0":3,"1":3,"2":0},"b":{"0":[1,2],"1":[3,3],"2":[1,1],"3":[1,2],"4":[1,1],"5":[0,0]},"meta":{"lastBranch":6,"lastFunction":3,"lastStatement":19,"seen":{"f:7:10:7:29":0,"b:9:8:11:Infinity:undefined:undefined:undefined:undefined":0,"s:9:8:11:Infinity":0,"b:9:12:9:18:9:22:9:85":1,"s:10:12:10:Infinity":1,"s:14:25:14:75":2,"b:15:8:17:Infinity:undefined:undefined:undefined:undefined":2,"s:15:8:17:Infinity":3,"s:16:12:16:Infinity":4,"s:20:21:20:45":5,"s:21:24:21:59":6,"s:24:8:30:Infinity":7,"f:33:10:33:33":1,"s:34:21:34:71":8,"b:35:8:37:Infinity:undefined:undefined:undefined:undefined":3,"s:35:8:37:Infinity":9,"s:36:12:36:Infinity":10,"s:39:24:39:75":11,"b:40:8:42:Infinity:undefined:undefined:undefined:undefined":4,"s:40:8:42:Infinity":12,"s:41:12:41:Infinity":13,"s:44:8:44:Infinity":14,"f:47:4:47:16":2,"s:48:23:48:45":15,"b:49:8:49:Infinity:undefined:undefined:undefined:undefined":5,"s:49:8:49:Infinity":16,"s:49:21:49:Infinity":17,"s:51:8:55:Infinity":18},"fnNames":{}}}
}
